2024-04-22 07:40:54,010 - root - INFO - Epoch 0; loss: 123.62451171875; CER: 1.053602933883667; WER: 1.0; val_loss: 142.39732360839844; val_CER: 1.0; val_WER: 1.0
2024-04-22 07:45:30,950 - root - INFO - Epoch 1; loss: 107.46967315673828; CER: 0.9999659657478333; WER: 0.9998401999473572; val_loss: 123.74038696289062; val_CER: 1.0; val_WER: 1.0
2024-04-22 07:50:06,007 - root - INFO - Epoch 2; loss: 106.612060546875; CER: 0.9995262026786804; WER: 0.9980276823043823; val_loss: 124.92252349853516; val_CER: 1.0; val_WER: 1.0
2024-04-22 07:54:40,968 - root - INFO - Epoch 3; loss: 106.02274322509766; CER: 0.9977136850357056; WER: 0.9922279715538025; val_loss: 112.40673065185547; val_CER: 1.0; val_WER: 1.0
2024-04-22 07:59:19,740 - root - INFO - Epoch 4; loss: 105.40524291992188; CER: 0.9889475703239441; WER: 0.9794926643371582; val_loss: 118.07080078125; val_CER: 0.9934593439102173; val_WER: 0.9719662070274353
2024-04-22 08:03:56,171 - root - INFO - Epoch 5; loss: 101.49645233154297; CER: 0.8965701460838318; WER: 0.9807022213935852; val_loss: 107.26026916503906; val_CER: 0.854248583316803; val_WER: 0.9898719191551208
2024-04-22 08:08:34,220 - root - INFO - Epoch 6; loss: 76.95954132080078; CER: 0.5916798710823059; WER: 0.9151042699813843; val_loss: 75.66484832763672; val_CER: 0.5762531757354736; val_WER: 0.8764023780822754
2024-04-22 08:13:12,756 - root - INFO - Epoch 7; loss: 57.311058044433594; CER: 0.40801969170570374; WER: 0.7962610721588135; val_loss: 57.025718688964844; val_CER: 0.35385429859161377; val_WER: 0.7337793707847595
2024-04-22 08:17:50,876 - root - INFO - Epoch 8; loss: 46.15678024291992; CER: 0.31839698553085327; WER: 0.7100054025650024; val_loss: 40.323062896728516; val_CER: 0.2532144784927368; val_WER: 0.6060447096824646
2024-04-22 08:22:29,825 - root - INFO - Epoch 9; loss: 39.92338180541992; CER: 0.2755245864391327; WER: 0.6539777517318726; val_loss: 33.7256965637207; val_CER: 0.2271655946969986; val_WER: 0.5623789429664612
2024-04-22 08:27:09,022 - root - INFO - Epoch 10; loss: 35.638423919677734; CER: 0.24858133494853973; WER: 0.6078572869300842; val_loss: 31.709041595458984; val_CER: 0.2115669697523117; val_WER: 0.5267828702926636
2024-04-22 08:31:46,802 - root - INFO - Epoch 11; loss: 32.55641555786133; CER: 0.22842581570148468; WER: 0.571029543876648; val_loss: 29.579647064208984; val_CER: 0.19636909663677216; val_WER: 0.49442335963249207
2024-04-22 08:36:24,327 - root - INFO - Epoch 12; loss: 30.210784912109375; CER: 0.21389621496200562; WER: 0.5450310111045837; val_loss: 35.35685348510742; val_CER: 0.19758746027946472; val_WER: 0.4970574378967285
2024-04-22 08:41:03,545 - root - INFO - Epoch 13; loss: 28.525251388549805; CER: 0.20392508804798126; WER: 0.5231107473373413; val_loss: 25.745140075683594; val_CER: 0.18310312926769257; val_WER: 0.45871713757514954
2024-04-22 08:45:40,667 - root - INFO - Epoch 14; loss: 26.79094696044922; CER: 0.1926022171974182; WER: 0.5030422806739807; val_loss: 25.9888916015625; val_CER: 0.16738826036453247; val_WER: 0.43248528242111206
2024-04-22 08:50:19,263 - root - INFO - Epoch 15; loss: 25.34355354309082; CER: 0.18364210426807404; WER: 0.484380304813385; val_loss: 23.13357162475586; val_CER: 0.16327042877674103; val_WER: 0.4221249520778656
2024-04-22 08:54:56,760 - root - INFO - Epoch 16; loss: 24.265005111694336; CER: 0.17886163294315338; WER: 0.472347229719162; val_loss: 22.54203224182129; val_CER: 0.17251619696617126; val_WER: 0.43223893642425537
2024-04-22 08:59:32,441 - root - INFO - Epoch 17; loss: 23.49454689025879; CER: 0.17163985967636108; WER: 0.46205538511276245; val_loss: 24.679458618164062; val_CER: 0.19304229319095612; val_WER: 0.4546041786670685
2024-04-22 09:04:11,913 - root - INFO - Epoch 18; loss: 22.534358978271484; CER: 0.16725818812847137; WER: 0.4489298462867737; val_loss: 27.192819595336914; val_CER: 0.21289660036563873; val_WER: 0.541084885597229
2024-04-22 09:08:52,451 - root - INFO - Epoch 19; loss: 21.41440200805664; CER: 0.15850238502025604; WER: 0.43258029222488403; val_loss: 19.941320419311523; val_CER: 0.15302233397960663; val_WER: 0.405918151140213
2024-04-22 09:13:29,668 - root - INFO - Epoch 20; loss: 20.65485382080078; CER: 0.15552504360675812; WER: 0.4275396764278412; val_loss: 23.0579891204834; val_CER: 0.13225629925727844; val_WER: 0.36474838852882385
2024-04-22 09:18:07,033 - root - INFO - Epoch 21; loss: 19.796951293945312; CER: 0.14875391125679016; WER: 0.41424259543418884; val_loss: 18.802396774291992; val_CER: 0.15240736305713654; val_WER: 0.3783426284790039
2024-04-22 09:22:43,268 - root - INFO - Epoch 22; loss: 19.735761642456055; CER: 0.1468014270067215; WER: 0.41029560565948486; val_loss: 75.73524475097656; val_CER: 0.48375681042671204; val_WER: 0.9074859619140625
2024-04-22 09:27:20,967 - root - INFO - Epoch 23; loss: 18.908845901489258; CER: 0.14240413904190063; WER: 0.4001332223415375; val_loss: 19.715024948120117; val_CER: 0.13280877470970154; val_WER: 0.35121652483940125
2024-04-22 09:32:00,113 - root - INFO - Epoch 24; loss: 20.71393394470215; CER: 0.15201407670974731; WER: 0.4167441427707672; val_loss: 20.57916259765625; val_CER: 0.1295458972454071; val_WER: 0.35133257508277893
2024-04-22 09:36:48,964 - root - INFO - Epoch 25; loss: 17.994213104248047; CER: 0.13688892126083374; WER: 0.3871707320213318; val_loss: 17.04766082763672; val_CER: 0.12649644911289215; val_WER: 0.3420184552669525
2024-04-22 09:41:27,947 - root - INFO - Epoch 26; loss: 17.255794525146484; CER: 0.13178732991218567; WER: 0.37849679589271545; val_loss: 16.57001495361328; val_CER: 0.12418457865715027; val_WER: 0.33637890219688416
2024-04-22 09:46:06,828 - root - INFO - Epoch 27; loss: 17.10072135925293; CER: 0.13010793924331665; WER: 0.3751164972782135; val_loss: 16.86836051940918; val_CER: 0.12338606268167496; val_WER: 0.3362066447734833
2024-04-22 09:50:43,526 - root - INFO - Epoch 28; loss: 17.699424743652344; CER: 0.13545069098472595; WER: 0.38481736183166504; val_loss: 16.565141677856445; val_CER: 0.12843196094036102; val_WER: 0.3464786112308502
2024-04-22 09:55:17,421 - root - INFO - Epoch 29; loss: 17.320476531982422; CER: 0.12876065075397491; WER: 0.3711639940738678; val_loss: 15.891040802001953; val_CER: 0.11868354678153992; val_WER: 0.32968834042549133
2024-04-22 09:59:48,413 - root - INFO - Epoch 30; loss: 17.03524398803711; CER: 0.12816910445690155; WER: 0.3695828914642334; val_loss: 26.543201446533203; val_CER: 0.13526049256324768; val_WER: 0.3713538646697998
2024-04-22 10:04:21,033 - root - INFO - Epoch 31; loss: 16.44231605529785; CER: 0.12152478843927383; WER: 0.359421044588089; val_loss: 18.106828689575195; val_CER: 0.12023034691810608; val_WER: 0.32666611671447754
2024-04-22 10:08:54,468 - root - INFO - Epoch 32; loss: 16.344100952148438; CER: 0.1213686466217041; WER: 0.35806798934936523; val_loss: 15.45438289642334; val_CER: 0.11624300479888916; val_WER: 0.3241683840751648
2024-04-22 10:13:27,451 - root - INFO - Epoch 33; loss: 14.917851448059082; CER: 0.11065243184566498; WER: 0.33410200476646423; val_loss: 16.589584350585938; val_CER: 0.12951147556304932; val_WER: 0.34936511516571045
2024-04-22 10:18:04,199 - root - INFO - Epoch 34; loss: 16.593177795410156; CER: 0.12679190933704376; WER: 0.3678230941295624; val_loss: 17.788333892822266; val_CER: 0.11168065667152405; val_WER: 0.31808048486709595
2024-04-22 10:22:37,197 - root - INFO - Epoch 35; loss: 15.941584587097168; CER: 0.12175259739160538; WER: 0.35993313789367676; val_loss: 21.892032623291016; val_CER: 0.15136614441871643; val_WER: 0.40016263723373413
2024-04-22 10:27:12,191 - root - INFO - Epoch 36; loss: 15.47231388092041; CER: 0.11859150975942612; WER: 0.35519903898239136; val_loss: 15.3676176071167; val_CER: 0.11208802461624146; val_WER: 0.31080541014671326
2024-04-22 10:31:46,251 - root - INFO - Epoch 37; loss: 14.8590087890625; CER: 0.11159542202949524; WER: 0.33969882130622864; val_loss: 16.155073165893555; val_CER: 0.10275892168283463; val_WER: 0.3084116280078888
2024-04-22 10:36:20,354 - root - INFO - Epoch 38; loss: 14.149015426635742; CER: 0.10786090046167374; WER: 0.3277757167816162; val_loss: 15.234453201293945; val_CER: 0.12119153141975403; val_WER: 0.3263173997402191
2024-04-22 10:40:56,110 - root - INFO - Epoch 39; loss: 13.997146606445312; CER: 0.10648993402719498; WER: 0.32639816403388977; val_loss: 14.842036247253418; val_CER: 0.0983661562204361; val_WER: 0.29495787620544434
2024-04-22 10:45:29,726 - root - INFO - Epoch 40; loss: 13.682323455810547; CER: 0.10373807698488235; WER: 0.31985560059547424; val_loss: 105.9913101196289; val_CER: 0.514463484287262; val_WER: 0.9417358040809631
2024-04-22 10:50:04,188 - root - INFO - Epoch 41; loss: 13.622091293334961; CER: 0.10375633835792542; WER: 0.3194144666194916; val_loss: 19.8941707611084; val_CER: 0.15182794630527496; val_WER: 0.4013257324695587
2024-04-22 10:54:40,213 - root - INFO - Epoch 42; loss: 13.847060203552246; CER: 0.10722729563713074; WER: 0.3245943784713745; val_loss: 16.75425910949707; val_CER: 0.10254523903131485; val_WER: 0.3009395897388458
2024-04-22 10:59:15,817 - root - INFO - Epoch 43; loss: 13.450972557067871; CER: 0.10207612067461014; WER: 0.3179405927658081; val_loss: 14.082618713378906; val_CER: 0.10692775994539261; val_WER: 0.3051568567752838
2024-04-22 11:03:51,483 - root - INFO - Epoch 44; loss: 12.81970500946045; CER: 0.09809362143278122; WER: 0.3076772689819336; val_loss: 14.534929275512695; val_CER: 0.10118760168552399; val_WER: 0.2906953692436218
2024-04-22 11:08:28,693 - root - INFO - Epoch 45; loss: 12.430984497070312; CER: 0.0950077548623085; WER: 0.3001013696193695; val_loss: 17.577363967895508; val_CER: 0.11140936613082886; val_WER: 0.3101577162742615
2024-04-22 11:13:09,191 - root - INFO - Epoch 46; loss: 14.473679542541504; CER: 0.10852090269327164; WER: 0.3289678394794464; val_loss: 27.030675888061523; val_CER: 0.13672678172588348; val_WER: 0.37776827812194824
2024-04-22 11:17:49,860 - root - INFO - Epoch 47; loss: 12.91500186920166; CER: 0.09912299364805222; WER: 0.3087948262691498; val_loss: 14.751557350158691; val_CER: 0.09593532979488373; val_WER: 0.2796739339828491
2024-04-22 11:22:31,030 - root - INFO - Epoch 48; loss: 11.999359130859375; CER: 0.09223916381597519; WER: 0.29202985763549805; val_loss: 16.00145149230957; val_CER: 0.09684266149997711; val_WER: 0.27857300639152527
2024-04-22 11:27:11,673 - root - INFO - Epoch 49; loss: 11.928864479064941; CER: 0.09059539437294006; WER: 0.2903048098087311; val_loss: 16.28574562072754; val_CER: 0.0962238535284996; val_WER: 0.28139936923980713
2024-04-22 11:31:52,163 - root - INFO - Epoch 50; loss: 12.367006301879883; CER: 0.0957513377070427; WER: 0.3014264702796936; val_loss: 15.41689682006836; val_CER: 0.10253389924764633; val_WER: 0.29955846071243286
2024-04-22 11:36:32,905 - root - INFO - Epoch 51; loss: 11.886988639831543; CER: 0.09046072512865067; WER: 0.2855304479598999; val_loss: 165.58094787597656; val_CER: 0.7315776944160461; val_WER: 0.9753364324569702
2024-04-22 11:41:15,130 - root - INFO - Epoch 52; loss: 12.66347599029541; CER: 0.09747369587421417; WER: 0.30788373947143555; val_loss: 13.612709045410156; val_CER: 0.09408756345510483; val_WER: 0.2765621244907379
2024-04-22 11:45:56,902 - root - INFO - Epoch 53; loss: 11.470589637756348; CER: 0.08958602696657181; WER: 0.2880735695362091; val_loss: 16.38091468811035; val_CER: 0.10869821906089783; val_WER: 0.3139619529247284
2024-04-22 11:50:38,835 - root - INFO - Epoch 54; loss: 13.009461402893066; CER: 0.09883785247802734; WER: 0.30799874663352966; val_loss: 19.168195724487305; val_CER: 0.11218474805355072; val_WER: 0.3180074691772461
2024-04-22 11:55:21,418 - root - INFO - Epoch 55; loss: 11.734731674194336; CER: 0.09123978763818741; WER: 0.2903083264827728; val_loss: 14.41438102722168; val_CER: 0.09310635924339294; val_WER: 0.27380767464637756
2024-04-22 12:00:04,022 - root - INFO - Epoch 56; loss: 11.586133003234863; CER: 0.08998522907495499; WER: 0.28727999329566956; val_loss: 13.86685848236084; val_CER: 0.10234439373016357; val_WER: 0.3017125725746155
2024-04-22 12:04:47,275 - root - INFO - Epoch 57; loss: 12.321307182312012; CER: 0.09139424562454224; WER: 0.29059186577796936; val_loss: 13.040543556213379; val_CER: 0.09260518103837967; val_WER: 0.27246373891830444
2024-04-22 12:09:29,442 - root - INFO - Epoch 58; loss: 11.865760803222656; CER: 0.0917687639594078; WER: 0.2908731997013092; val_loss: 14.2615966796875; val_CER: 0.09865452349185944; val_WER: 0.28299787640571594
2024-04-22 12:14:12,088 - root - INFO - Epoch 59; loss: 10.727514266967773; CER: 0.08333808183670044; WER: 0.2715681791305542; val_loss: 18.319007873535156; val_CER: 0.1056002750992775; val_WER: 0.29635295271873474
2024-04-22 12:18:56,328 - root - INFO - Epoch 60; loss: 10.370862007141113; CER: 0.08035123348236084; WER: 0.2618969976902008; val_loss: 13.270966529846191; val_CER: 0.09085557609796524; val_WER: 0.2700941562652588
2024-04-22 12:23:41,223 - root - INFO - Epoch 61; loss: 11.451987266540527; CER: 0.08842802792787552; WER: 0.2815367579460144; val_loss: 13.440435409545898; val_CER: 0.08774023503065109; val_WER: 0.26927855610847473
2024-04-22 12:28:21,071 - root - INFO - Epoch 62; loss: 10.569923400878906; CER: 0.08256109803915024; WER: 0.2708910405635834; val_loss: 112.93114471435547; val_CER: 0.7032766938209534; val_WER: 0.9433548450469971
2024-04-22 12:33:01,294 - root - INFO - Epoch 63; loss: 11.80151653289795; CER: 0.09227442741394043; WER: 0.29559755325317383; val_loss: 14.627134323120117; val_CER: 0.10780573636293411; val_WER: 0.29859307408332825
2024-04-22 12:37:41,250 - root - INFO - Epoch 64; loss: 11.388768196105957; CER: 0.08596809208393097; WER: 0.2784717381000519; val_loss: 14.999737739562988; val_CER: 0.10042797774076462; val_WER: 0.2771882712841034
2024-04-22 12:42:21,093 - root - INFO - Epoch 65; loss: 10.999414443969727; CER: 0.08414682000875473; WER: 0.2741290330886841; val_loss: 14.219249725341797; val_CER: 0.0896284356713295; val_WER: 0.2699397802352905
2024-04-22 12:47:04,643 - root - INFO - Epoch 66; loss: 11.510205268859863; CER: 0.09072650223970413; WER: 0.2908913493156433; val_loss: 14.885889053344727; val_CER: 0.0916411429643631; val_WER: 0.270121693611145
2024-04-22 12:51:46,722 - root - INFO - Epoch 67; loss: 9.885956764221191; CER: 0.07687795162200928; WER: 0.2553895115852356; val_loss: 12.647790908813477; val_CER: 0.08550438284873962; val_WER: 0.2557620108127594
2024-04-22 12:56:27,201 - root - INFO - Epoch 68; loss: 10.916934967041016; CER: 0.08494801819324493; WER: 0.2724415063858032; val_loss: 18.250728607177734; val_CER: 0.09998465329408646; val_WER: 0.27878549695014954
2024-04-22 13:01:03,540 - root - INFO - Epoch 69; loss: 9.68335247039795; CER: 0.07433413714170456; WER: 0.2501823604106903; val_loss: 13.361221313476562; val_CER: 0.08838149160146713; val_WER: 0.2703026235103607
2024-04-22 13:05:44,884 - root - INFO - Epoch 70; loss: 9.796963691711426; CER: 0.07662620395421982; WER: 0.25742197036743164; val_loss: 13.675520896911621; val_CER: 0.09041906893253326; val_WER: 0.25499579310417175
2024-04-22 13:10:26,097 - root - INFO - Epoch 71; loss: 9.46240234375; CER: 0.07291204482316971; WER: 0.2460920810699463; val_loss: 14.029149055480957; val_CER: 0.09373946487903595; val_WER: 0.2599574625492096
2024-04-22 13:15:08,661 - root - INFO - Epoch 72; loss: 9.034585952758789; CER: 0.06950763612985611; WER: 0.2358747124671936; val_loss: 12.21841049194336; val_CER: 0.07944595068693161; val_WER: 0.24966058135032654
2024-04-22 13:19:49,655 - root - INFO - Epoch 73; loss: 10.437911033630371; CER: 0.07815279066562653; WER: 0.25994038581848145; val_loss: 18.376541137695312; val_CER: 0.10138188302516937; val_WER: 0.2863629460334778
2024-04-22 13:24:28,502 - root - INFO - Epoch 74; loss: 9.710874557495117; CER: 0.07669656723737717; WER: 0.2553342878818512; val_loss: 17.585763931274414; val_CER: 0.09644719958305359; val_WER: 0.28407391905784607
2024-04-22 13:29:07,728 - root - INFO - Epoch 75; loss: 9.261932373046875; CER: 0.07272535562515259; WER: 0.2449551224708557; val_loss: 13.440878868103027; val_CER: 0.0912255346775055; val_WER: 0.2532341480255127
2024-04-22 13:33:45,006 - root - INFO - Epoch 76; loss: 11.35488224029541; CER: 0.09006883949041367; WER: 0.2861891984939575; val_loss: 13.123138427734375; val_CER: 0.08600345999002457; val_WER: 0.2651844322681427
2024-04-22 13:38:24,894 - root - INFO - Epoch 77; loss: 9.499292373657227; CER: 0.07222598046064377; WER: 0.24333924055099487; val_loss: 61.409793853759766; val_CER: 0.35251638293266296; val_WER: 0.8758019208908081
2024-04-22 13:43:08,699 - root - INFO - Epoch 78; loss: 9.880870819091797; CER: 0.07598011195659637; WER: 0.25208333134651184; val_loss: 17.08742904663086; val_CER: 0.08408413827419281; val_WER: 0.2588646411895752
2024-04-22 13:47:51,523 - root - INFO - Epoch 79; loss: 9.656227111816406; CER: 0.0747774988412857; WER: 0.2494756430387497; val_loss: 13.091609001159668; val_CER: 0.08446013182401657; val_WER: 0.2544819116592407
2024-04-22 13:52:34,802 - root - INFO - Epoch 80; loss: 9.200818061828613; CER: 0.07197945564985275; WER: 0.24311508238315582; val_loss: 16.34291648864746; val_CER: 0.10972552001476288; val_WER: 0.30301740765571594
2024-04-22 13:57:17,720 - root - INFO - Epoch 81; loss: 8.861037254333496; CER: 0.06840304285287857; WER: 0.23211033642292023; val_loss: 14.371725082397461; val_CER: 0.07788749039173126; val_WER: 0.24423356354236603
2024-04-22 14:02:00,194 - root - INFO - Epoch 82; loss: 8.851612091064453; CER: 0.06815901398658752; WER: 0.23132184147834778; val_loss: 13.613967895507812; val_CER: 0.08134350925683975; val_WER: 0.24851319193840027
2024-04-22 14:06:43,163 - root - INFO - Epoch 83; loss: 8.572141647338867; CER: 0.06604497134685516; WER: 0.22808854281902313; val_loss: 14.223409652709961; val_CER: 0.0898008868098259; val_WER: 0.2624976933002472
2024-04-22 14:11:25,820 - root - INFO - Epoch 84; loss: 10.174849510192871; CER: 0.0796155035495758; WER: 0.2583118677139282; val_loss: 13.365032196044922; val_CER: 0.09055265039205551; val_WER: 0.2541867196559906
2024-04-22 14:16:07,792 - root - INFO - Epoch 85; loss: 9.194122314453125; CER: 0.06937999278306961; WER: 0.23665153980255127; val_loss: 14.563189506530762; val_CER: 0.09031514078378677; val_WER: 0.25895237922668457
2024-04-22 14:20:50,756 - root - INFO - Epoch 86; loss: 8.27214241027832; CER: 0.06455837190151215; WER: 0.22355934977531433; val_loss: 12.490907669067383; val_CER: 0.0950067862868309; val_WER: 0.2715677320957184
2024-04-22 14:25:32,788 - root - INFO - Epoch 87; loss: 10.859036445617676; CER: 0.08731666952371597; WER: 0.28275638818740845; val_loss: 12.84821605682373; val_CER: 0.08583293855190277; val_WER: 0.2527163624763489
2024-04-22 14:30:13,907 - root - INFO - Epoch 88; loss: 8.792398452758789; CER: 0.06718921661376953; WER: 0.2293619066476822; val_loss: 99.09966278076172; val_CER: 0.5011768937110901; val_WER: 0.8994078040122986
2024-04-22 14:34:59,882 - root - INFO - Epoch 89; loss: 11.015120506286621; CER: 0.0873923972249031; WER: 0.2787773609161377; val_loss: 13.532463073730469; val_CER: 0.08158839493989944; val_WER: 0.2524857521057129
2024-04-22 14:39:40,714 - root - INFO - Epoch 90; loss: 8.240202903747559; CER: 0.06493469327688217; WER: 0.22573000192642212; val_loss: 12.889805793762207; val_CER: 0.07757682353258133; val_WER: 0.24456186592578888
2024-04-22 14:44:20,292 - root - INFO - Epoch 91; loss: 10.875075340270996; CER: 0.08245543390512466; WER: 0.26800107955932617; val_loss: 13.20160961151123; val_CER: 0.08424471318721771; val_WER: 0.2619978189468384
2024-04-22 14:48:56,744 - root - INFO - Epoch 92; loss: 8.687141418457031; CER: 0.06757892668247223; WER: 0.23083679378032684; val_loss: 13.84328842163086; val_CER: 0.0769774317741394; val_WER: 0.2416089028120041
2024-04-22 14:53:35,253 - root - INFO - Epoch 93; loss: 8.871365547180176; CER: 0.0685131847858429; WER: 0.2318420708179474; val_loss: 38.246646881103516; val_CER: 0.22888006269931793; val_WER: 0.5818188786506653
2024-04-22 14:58:15,767 - root - INFO - Epoch 94; loss: 9.840222358703613; CER: 0.07652916014194489; WER: 0.2532398998737335; val_loss: 13.935534477233887; val_CER: 0.07872609049081802; val_WER: 0.24671447277069092
2024-04-22 15:02:57,488 - root - INFO - Epoch 95; loss: 8.241233825683594; CER: 0.06487008184194565; WER: 0.2221115529537201; val_loss: 13.305620193481445; val_CER: 0.08932268619537354; val_WER: 0.2644141614437103
2024-04-22 15:07:39,449 - root - INFO - Epoch 96; loss: 9.853760719299316; CER: 0.0763341635465622; WER: 0.25216689705848694; val_loss: 13.925151824951172; val_CER: 0.08514605462551117; val_WER: 0.25228071212768555
2024-04-22 15:12:20,804 - root - INFO - Epoch 97; loss: 7.890461444854736; CER: 0.06151968985795975; WER: 0.21432127058506012; val_loss: 12.415205955505371; val_CER: 0.07629068195819855; val_WER: 0.23711532354354858
2024-04-22 15:17:03,604 - root - INFO - Epoch 98; loss: 7.521356105804443; CER: 0.0598553828895092; WER: 0.21102666854858398; val_loss: 16.45812225341797; val_CER: 0.08106912672519684; val_WER: 0.24776850640773773
2024-04-22 15:21:45,284 - root - INFO - Epoch 99; loss: 7.891899108886719; CER: 0.061296410858631134; WER: 0.2130439430475235; val_loss: 12.748550415039062; val_CER: 0.08494477719068527; val_WER: 0.25376126170158386
2024-04-22 15:26:27,757 - root - INFO - Epoch 100; loss: 8.029356002807617; CER: 0.06347431242465973; WER: 0.2193683683872223; val_loss: 14.188775062561035; val_CER: 0.07603491842746735; val_WER: 0.23923365771770477
2024-04-22 15:31:08,819 - root - INFO - Epoch 101; loss: 8.82731819152832; CER: 0.06619324535131454; WER: 0.22589856386184692; val_loss: 13.651472091674805; val_CER: 0.07954180240631104; val_WER: 0.2467484176158905
2024-04-22 15:35:49,049 - root - INFO - Epoch 102; loss: 9.777100563049316; CER: 0.07158304750919342; WER: 0.23877181112766266; val_loss: 17.614276885986328; val_CER: 0.08935466408729553; val_WER: 0.26487526297569275
2024-04-22 15:40:30,623 - root - INFO - Epoch 103; loss: 8.464077949523926; CER: 0.06699671596288681; WER: 0.22421765327453613; val_loss: 14.899728775024414; val_CER: 0.08179031312465668; val_WER: 0.24919569492340088
2024-04-22 15:45:10,245 - root - INFO - Epoch 104; loss: 7.475748538970947; CER: 0.05968228727579117; WER: 0.2079920917749405; val_loss: 11.749008178710938; val_CER: 0.07904516905546188; val_WER: 0.24375343322753906
2024-04-22 15:49:47,352 - root - INFO - Epoch 105; loss: 8.052212715148926; CER: 0.06507793068885803; WER: 0.22506855428218842; val_loss: 12.573148727416992; val_CER: 0.07753980904817581; val_WER: 0.24401505291461945
2024-04-22 15:54:25,569 - root - INFO - Epoch 106; loss: 7.495905876159668; CER: 0.05857528746128082; WER: 0.20658369362354279; val_loss: 12.82880973815918; val_CER: 0.0755801722407341; val_WER: 0.23992055654525757
2024-04-22 15:59:03,609 - root - INFO - Epoch 107; loss: 8.417343139648438; CER: 0.06742824614048004; WER: 0.23146656155586243; val_loss: 40.5755500793457; val_CER: 0.28867530822753906; val_WER: 0.7565615773200989
2024-04-22 16:03:46,429 - root - INFO - Epoch 108; loss: 7.985878944396973; CER: 0.06421506404876709; WER: 0.22220894694328308; val_loss: 12.556756019592285; val_CER: 0.078780896961689; val_WER: 0.24610945582389832
2024-04-22 16:08:28,560 - root - INFO - Epoch 109; loss: 7.449962615966797; CER: 0.05978623405098915; WER: 0.20901334285736084; val_loss: 11.935434341430664; val_CER: 0.07393655180931091; val_WER: 0.23410940170288086
2024-04-22 16:13:11,518 - root - INFO - Epoch 110; loss: 7.467799186706543; CER: 0.05968796834349632; WER: 0.20923785865306854; val_loss: 12.111310005187988; val_CER: 0.07648921012878418; val_WER: 0.24107664823532104
2024-04-22 16:17:55,817 - root - INFO - Epoch 111; loss: 7.35917854309082; CER: 0.059431686997413635; WER: 0.2110404074192047; val_loss: 12.025904655456543; val_CER: 0.07334389537572861; val_WER: 0.23722755908966064
2024-04-22 16:22:38,087 - root - INFO - Epoch 112; loss: 8.001845359802246; CER: 0.06478975713253021; WER: 0.22528153657913208; val_loss: 21.420310974121094; val_CER: 0.09480994939804077; val_WER: 0.28172627091407776
2024-04-22 16:27:21,549 - root - INFO - Epoch 113; loss: 9.206866264343262; CER: 0.07350590825080872; WER: 0.25010669231414795; val_loss: 30.763916015625; val_CER: 0.18019232153892517; val_WER: 0.48184847831726074
2024-04-22 16:32:06,583 - root - INFO - Epoch 114; loss: 7.7195725440979; CER: 0.061647798866033554; WER: 0.21758347749710083; val_loss: 14.259023666381836; val_CER: 0.0740986242890358; val_WER: 0.2367343157529831
2024-04-22 16:36:51,598 - root - INFO - Epoch 115; loss: 7.6709208488464355; CER: 0.058912452310323715; WER: 0.20843662321567535; val_loss: 13.217134475708008; val_CER: 0.07231402397155762; val_WER: 0.23377056419849396
2024-04-22 16:41:36,461 - root - INFO - Epoch 116; loss: 7.171664714813232; CER: 0.055719044059515; WER: 0.1988658308982849; val_loss: 12.494304656982422; val_CER: 0.07458348572254181; val_WER: 0.2350972592830658
2024-04-22 16:46:20,124 - root - INFO - Epoch 117; loss: 7.300087928771973; CER: 0.05787147954106331; WER: 0.20267744362354279; val_loss: 19.143129348754883; val_CER: 0.09447778761386871; val_WER: 0.27347663044929504
2024-04-22 16:51:04,522 - root - INFO - Epoch 118; loss: 8.333792686462402; CER: 0.06635086238384247; WER: 0.229747012257576; val_loss: 13.894116401672363; val_CER: 0.0789819210767746; val_WER: 0.24644257128238678
2024-04-22 16:55:49,846 - root - INFO - Epoch 119; loss: 7.917878150939941; CER: 0.06214653700590134; WER: 0.2164725959300995; val_loss: 12.059405326843262; val_CER: 0.0741395354270935; val_WER: 0.23345360159873962
2024-04-22 17:00:35,373 - root - INFO - Epoch 120; loss: 7.216200351715088; CER: 0.056170716881752014; WER: 0.20122230052947998; val_loss: 13.196914672851562; val_CER: 0.07881033420562744; val_WER: 0.24481627345085144
2024-04-22 17:05:20,575 - root - INFO - Epoch 121; loss: 7.018526077270508; CER: 0.05541452392935753; WER: 0.19543349742889404; val_loss: 12.693380355834961; val_CER: 0.07099854201078415; val_WER: 0.2289573848247528
2024-04-22 17:10:04,670 - root - INFO - Epoch 122; loss: 6.413764953613281; CER: 0.05033431202173233; WER: 0.1825912594795227; val_loss: 12.94508171081543; val_CER: 0.0762028768658638; val_WER: 0.23583947122097015
2024-04-22 17:14:49,852 - root - INFO - Epoch 123; loss: 7.140526294708252; CER: 0.0552285760641098; WER: 0.19593976438045502; val_loss: 12.430060386657715; val_CER: 0.07271301746368408; val_WER: 0.23062430322170258
2024-04-22 17:19:37,460 - root - INFO - Epoch 124; loss: 6.801802158355713; CER: 0.05202515423297882; WER: 0.1882832944393158; val_loss: 12.278352737426758; val_CER: 0.07280303537845612; val_WER: 0.23200896382331848
2024-04-22 17:24:24,019 - root - INFO - Epoch 125; loss: 6.474057197570801; CER: 0.05145426094532013; WER: 0.1862003356218338; val_loss: 12.982096672058105; val_CER: 0.07790912687778473; val_WER: 0.23717263340950012
2024-04-22 17:29:08,755 - root - INFO - Epoch 126; loss: 9.072510719299316; CER: 0.07421253621578217; WER: 0.24972379207611084; val_loss: 11.79684066772461; val_CER: 0.07777529954910278; val_WER: 0.24151873588562012
2024-04-22 17:33:53,740 - root - INFO - Epoch 127; loss: 6.795329570770264; CER: 0.055289674550294876; WER: 0.1982499659061432; val_loss: 13.965951919555664; val_CER: 0.0727669820189476; val_WER: 0.23260049521923065
2024-04-22 17:38:40,620 - root - INFO - Epoch 128; loss: 6.853414535522461; CER: 0.05372621491551399; WER: 0.19344674050807953; val_loss: 12.862218856811523; val_CER: 0.06937845051288605; val_WER: 0.22613340616226196
2024-04-22 17:43:28,235 - root - INFO - Epoch 129; loss: 6.776471138000488; CER: 0.053966548293828964; WER: 0.19287309050559998; val_loss: 12.95822811126709; val_CER: 0.08674336969852448; val_WER: 0.261709600687027
2024-04-22 17:48:14,950 - root - INFO - Epoch 130; loss: 6.766324520111084; CER: 0.054427362978458405; WER: 0.19355648756027222; val_loss: 11.377265930175781; val_CER: 0.07243359833955765; val_WER: 0.22853879630565643
2024-04-22 17:53:01,309 - root - INFO - Epoch 131; loss: 9.597304344177246; CER: 0.0748191550374031; WER: 0.24835564196109772; val_loss: 13.37844467163086; val_CER: 0.08111416548490524; val_WER: 0.2472791075706482
2024-04-22 17:57:46,598 - root - INFO - Epoch 132; loss: 7.583799839019775; CER: 0.05966554954648018; WER: 0.21073652803897858; val_loss: 13.736706733703613; val_CER: 0.07760849595069885; val_WER: 0.24045923352241516
2024-04-22 18:02:33,338 - root - INFO - Epoch 133; loss: 6.996240615844727; CER: 0.0557674765586853; WER: 0.19783897697925568; val_loss: 12.389691352844238; val_CER: 0.07415253669023514; val_WER: 0.23114320635795593
2024-04-22 18:07:19,750 - root - INFO - Epoch 134; loss: 6.318329334259033; CER: 0.05046453699469566; WER: 0.18489505350589752; val_loss: 12.470681190490723; val_CER: 0.07203368842601776; val_WER: 0.22535574436187744
2024-04-22 18:12:03,661 - root - INFO - Epoch 135; loss: 6.453241348266602; CER: 0.050567954778671265; WER: 0.18246226012706757; val_loss: 12.685332298278809; val_CER: 0.07217753678560257; val_WER: 0.22916772961616516
2024-04-22 18:16:50,281 - root - INFO - Epoch 136; loss: 6.247250556945801; CER: 0.04983006790280342; WER: 0.1806231439113617; val_loss: 12.67208194732666; val_CER: 0.07127648591995239; val_WER: 0.22675581276416779
2024-04-22 18:21:37,531 - root - INFO - Epoch 137; loss: 6.139984130859375; CER: 0.04925914108753204; WER: 0.18018102645874023; val_loss: 15.716541290283203; val_CER: 0.08387000858783722; val_WER: 0.2536027729511261
2024-04-22 18:26:25,139 - root - INFO - Epoch 138; loss: 6.588207721710205; CER: 0.05290892720222473; WER: 0.19234004616737366; val_loss: 12.415398597717285; val_CER: 0.07524953782558441; val_WER: 0.23066753149032593
2024-04-22 18:31:13,769 - root - INFO - Epoch 139; loss: 5.903372287750244; CER: 0.04744594544172287; WER: 0.17321275174617767; val_loss: 12.375720024108887; val_CER: 0.07466446608304977; val_WER: 0.22228488326072693
2024-04-22 18:36:01,458 - root - INFO - Epoch 140; loss: 6.402978897094727; CER: 0.05066599324345589; WER: 0.18333926796913147; val_loss: 11.587944984436035; val_CER: 0.07730871438980103; val_WER: 0.23637661337852478
2024-04-22 18:40:49,185 - root - INFO - Epoch 141; loss: 5.779587745666504; CER: 0.046205949038267136; WER: 0.17061540484428406; val_loss: 12.279422760009766; val_CER: 0.06977400928735733; val_WER: 0.2201789915561676
2024-04-22 18:45:37,880 - root - INFO - Epoch 142; loss: 5.861717700958252; CER: 0.046527400612831116; WER: 0.1725984513759613; val_loss: 11.91724967956543; val_CER: 0.07234106957912445; val_WER: 0.22466523945331573
2024-04-22 18:50:27,303 - root - INFO - Epoch 143; loss: 8.376073837280273; CER: 0.0674719363451004; WER: 0.23248101770877838; val_loss: 13.257024765014648; val_CER: 0.08129126578569412; val_WER: 0.23978380858898163
2024-04-22 18:55:15,525 - root - INFO - Epoch 144; loss: 6.761117458343506; CER: 0.05373165011405945; WER: 0.1964118778705597; val_loss: 12.962400436401367; val_CER: 0.07333783060312271; val_WER: 0.23029334843158722
2024-04-22 19:00:05,145 - root - INFO - Epoch 145; loss: 6.331127166748047; CER: 0.050528254359960556; WER: 0.18567118048667908; val_loss: 12.767478942871094; val_CER: 0.06997804343700409; val_WER: 0.2248823642730713
2024-04-22 19:04:52,893 - root - INFO - Epoch 146; loss: 5.85722541809082; CER: 0.04616358131170273; WER: 0.17101570963859558; val_loss: 12.770459175109863; val_CER: 0.07017677277326584; val_WER: 0.22294262051582336
2024-04-22 19:09:41,887 - root - INFO - Epoch 147; loss: 5.734029769897461; CER: 0.045738253742456436; WER: 0.16923680901527405; val_loss: 11.404500961303711; val_CER: 0.07294992357492447; val_WER: 0.22735972702503204
2024-04-22 19:14:30,303 - root - INFO - Epoch 148; loss: 6.91373348236084; CER: 0.05533396452665329; WER: 0.2009332776069641; val_loss: 12.825139999389648; val_CER: 0.07210259884595871; val_WER: 0.22618147730827332
2024-04-22 19:14:35,718 - tf2onnx.tfonnx - INFO - Using tensorflow=2.10.0, onnx=1.16.0, tf2onnx=1.16.1/15c810
2024-04-22 19:14:35,718 - tf2onnx.tfonnx - INFO - Using opset <onnx, 15>
2024-04-22 19:14:36,164 - tf2onnx.tf_utils - INFO - Computed 0 values for constant folding
2024-04-22 19:14:36,174 - tf2onnx.tf_utils - INFO - Computed 0 values for constant folding
2024-04-22 19:14:36,179 - tf2onnx.tf_utils - INFO - Computed 0 values for constant folding
2024-04-22 19:14:36,184 - tf2onnx.tf_utils - INFO - Computed 0 values for constant folding
2024-04-22 19:14:36,195 - tf2onnx.tf_utils - INFO - Computed 0 values for constant folding
2024-04-22 19:14:36,205 - tf2onnx.tf_utils - INFO - Computed 0 values for constant folding
2024-04-22 19:14:36,211 - tf2onnx.tf_utils - INFO - Computed 0 values for constant folding
2024-04-22 19:14:36,221 - tf2onnx.tf_utils - INFO - Computed 0 values for constant folding
2024-04-22 19:14:36,356 - tf2onnx.tf_utils - INFO - Computed 2 values for constant folding
2024-04-22 19:14:36,656 - tf2onnx.tfonnx - INFO - folding node using tf type=StridedSlice, name=model/bidirectional/forward_lstm/PartitionedCall/strided_slice
2024-04-22 19:14:36,657 - tf2onnx.tfonnx - INFO - folding node using tf type=StridedSlice, name=model/bidirectional/backward_lstm/PartitionedCall/strided_slice
2024-04-22 19:14:37,141 - tf2onnx.optimizer - INFO - Optimizing ONNX model
2024-04-22 19:14:39,163 - tf2onnx.optimizer - INFO - After optimization: BatchNormalization -18 (18->0), Cast -8 (17->9), Concat -8 (17->9), Const -173 (243->70), Expand -6 (8->2), Gather +3 (2->5), Identity -2 (2->0), Shape -2 (6->4), Slice -2 (9->7), Squeeze -5 (9->4), Transpose -86 (90->4), Unsqueeze -25 (29->4)
